Using pre-set license
Built from '2020.2/release' branch; Version is '2020.2.1f1 (270dd8c3da1c) revision 2559448'; Using compiler version '192528614'; Build Type 'Release'
OS: 'Windows 10  (10.0.0) 64bit' Language: 'en' Physical Memory: 16315 MB
BatchMode: 1, IsHumanControllingUs: 0, StartBugReporterOnCrash: 0, Is64bit: 1, IsPro: 0

 COMMAND LINE ARGUMENTS:
C:\Users\kirby\Desktop\Unity Installations\2020.2.1f1\Editor\Unity.exe
-adb2
-batchMode
-noUpm
-name
AssetImportWorker0
-projectPath
C:/Users/kirby/Desktop/Jam-O-Lantern-2021/Raccoons
-logFile
Logs/AssetImportWorker0.log
-srvPort
51916
Successfully changed project path to: C:/Users/kirby/Desktop/Jam-O-Lantern-2021/Raccoons
C:/Users/kirby/Desktop/Jam-O-Lantern-2021/Raccoons
Using Asset Import Pipeline V2.
Refreshing native plugins compatible for Editor in 30.58 ms, found 1 plugins.
Preloading 0 native plugins for Editor in 0.00 ms.
Initialize engine version: 2020.2.1f1 (270dd8c3da1c)
[Subsystems] Discovering subsystems at path C:/Users/kirby/Desktop/Unity Installations/2020.2.1f1/Editor/Data/Resources/UnitySubsystems
[Subsystems] Discovering subsystems at path C:/Users/kirby/Desktop/Jam-O-Lantern-2021/Raccoons/Assets
GfxDevice: creating device client; threaded=0
Direct3D:
    Version:  Direct3D 11.0 [level 11.1]
    Renderer: NVIDIA GeForce RTX 2070 (ID=0x1f07)
    Vendor:   
    VRAM:     8031 MB
    Driver:   27.21.14.5671
Initialize mono
Mono path[0] = 'C:/Users/kirby/Desktop/Unity Installations/2020.2.1f1/Editor/Data/Managed'
Mono path[1] = 'C:/Users/kirby/Desktop/Unity Installations/2020.2.1f1/Editor/Data/MonoBleedingEdge/lib/mono/unityjit'
Mono config path = 'C:/Users/kirby/Desktop/Unity Installations/2020.2.1f1/Editor/Data/MonoBleedingEdge/etc'
Using monoOptions --debugger-agent=transport=dt_socket,embedding=1,server=y,suspend=n,address=127.0.0.1:56492
Begin MonoManager ReloadAssembly
Registering precompiled unity dll's ...
Register platform support module: C:/Users/kirby/Desktop/Unity Installations/2020.2.1f1/Editor/Data/PlaybackEngines/MacStandaloneSupport/UnityEditor.OSXStandalone.Extensions.dll
Register platform support module: C:/Users/kirby/Desktop/Unity Installations/2020.2.1f1/Editor/Data/PlaybackEngines/WindowsStandaloneSupport/UnityEditor.WindowsStandalone.Extensions.dll
Registered in 0.002320 seconds.
Native extension for WindowsStandalone target not found
Native extension for OSXStandalone target not found
Refreshing native plugins compatible for Editor in 28.61 ms, found 1 plugins.
Preloading 0 native plugins for Editor in 0.00 ms.
Invoked RoslynAnalysisRunner static constructor.
RoslynAnalysisRunner will not be running.
RoslynAnalysisRunner has terminated.
Mono: successfully reloaded assembly
- Completed reload, in  0.939 seconds
Platform modules already initialized, skipping
Registering precompiled user dll's ...
Registered in 0.001928 seconds.
Begin MonoManager ReloadAssembly
Native extension for WindowsStandalone target not found
Native extension for OSXStandalone target not found
Refreshing native plugins compatible for Editor in 29.84 ms, found 1 plugins.
Preloading 0 native plugins for Editor in 0.00 ms.
Invoked RoslynAnalysisRunner static constructor.
RoslynAnalysisRunner will not be running.
RoslynAnalysisRunner has terminated.
Mono: successfully reloaded assembly
- Completed reload, in  0.754 seconds
Platform modules already initialized, skipping
========================================================================
Worker process is ready to serve import requests
Launched and connected shader compiler UnityShaderCompiler.exe after 0.02 seconds
Refreshing native plugins compatible for Editor in 0.32 ms, found 1 plugins.
Preloading 0 native plugins for Editor in 0.00 ms.
Unloading 1817 Unused Serialized files (Serialized files now loaded: 0)
System memory in use before: 86.8 MB.
System memory in use after: 86.8 MB.

Unloading 27 unused Assets to reduce memory usage. Loaded Objects now: 2264.
Total: 1.980300 ms (FindLiveObjects: 0.174600 ms CreateObjectMapping: 0.050100 ms MarkObjects: 1.660200 ms  DeleteObjects: 0.094700 ms)

========================================================================
Received Import Request.
  path: Assets/Fonts/8bit 1.TTF
  artifactKey: Guid(72b2094a196516742a03a7550fa5e8ae) Importer(815301076,1909f56bfc062723c751e8b465ee728b)
Start importing Assets/Fonts/8bit 1.TTF using Guid(72b2094a196516742a03a7550fa5e8ae) Importer(815301076,1909f56bfc062723c751e8b465ee728b)  -> (artifact id: '0912d192972d267a0189662e3103ace3') in 0.114770 seconds
  Import took 0.117292 seconds .

========================================================================
Received Import Request.
  Time since last request: 0.331368 seconds.
  path: Assets/Fonts/8bit 6.TTF
  artifactKey: Guid(72b2094a196516742a03a7550fa5e8ae) Importer(815301076,1909f56bfc062723c751e8b465ee728b)
Start importing Assets/Fonts/8bit 6.TTF using Guid(72b2094a196516742a03a7550fa5e8ae) Importer(815301076,1909f56bfc062723c751e8b465ee728b)  -> (artifact id: '65b2fb2a1fad7548f1149bf8ac9e4eff') in 0.013425 seconds
  Import took 0.016037 seconds .

========================================================================
Received Import Request.
  Time since last request: 10.444726 seconds.
  path: Assets/Fonts/8bit 6 SDF.asset
  artifactKey: Guid(8987748cac86bdf42a9d3f49008e1e20) Importer(815301076,1909f56bfc062723c751e8b465ee728b)
Start importing Assets/Fonts/8bit 6 SDF.asset using Guid(8987748cac86bdf42a9d3f49008e1e20) Importer(815301076,1909f56bfc062723c751e8b465ee728b)  -> (artifact id: '549433a7afd4528a98899213481e6bc7') in 0.031044 seconds
  Import took 0.033990 seconds .

========================================================================
Received Prepare
Registering precompiled user dll's ...
Registered in 0.001953 seconds.
Begin MonoManager ReloadAssembly
Native extension for WindowsStandalone target not found
Native extension for OSXStandalone target not found
Refreshing native plugins compatible for Editor in 0.53 ms, found 1 plugins.
Preloading 0 native plugins for Editor in 0.00 ms.
Invoked RoslynAnalysisRunner static constructor.
RoslynAnalysisRunner will not be running.
RoslynAnalysisRunner has terminated.
Mono: successfully reloaded assembly
- Completed reload, in  0.810 seconds
Platform modules already initialized, skipping
Refreshing native plugins compatible for Editor in 0.44 ms, found 1 plugins.
Preloading 0 native plugins for Editor in 0.00 ms.
Unloading 1799 Unused Serialized files (Serialized files now loaded: 0)
System memory in use before: 89.5 MB.
System memory in use after: 89.5 MB.

Unloading 15 unused Assets to reduce memory usage. Loaded Objects now: 2311.
Total: 1.926500 ms (FindLiveObjects: 0.194600 ms CreateObjectMapping: 0.071400 ms MarkObjects: 1.572100 ms  DeleteObjects: 0.087500 ms)

========================================================================
Received Prepare
Registering precompiled user dll's ...
Registered in 0.001927 seconds.
Begin MonoManager ReloadAssembly
Native extension for WindowsStandalone target not found
Native extension for OSXStandalone target not found
Refreshing native plugins compatible for Editor in 0.33 ms, found 1 plugins.
Preloading 0 native plugins for Editor in 0.00 ms.
Invoked RoslynAnalysisRunner static constructor.
RoslynAnalysisRunner will not be running.
RoslynAnalysisRunner has terminated.
Mono: successfully reloaded assembly
- Completed reload, in  0.746 seconds
Platform modules already initialized, skipping
Refreshing native plugins compatible for Editor in 0.34 ms, found 1 plugins.
Preloading 0 native plugins for Editor in 0.00 ms.
Unloading 1799 Unused Serialized files (Serialized files now loaded: 0)
System memory in use before: 89.8 MB.
System memory in use after: 89.8 MB.

Unloading 15 unused Assets to reduce memory usage. Loaded Objects now: 2314.
Total: 1.902300 ms (FindLiveObjects: 0.192100 ms CreateObjectMapping: 0.072400 ms MarkObjects: 1.553200 ms  DeleteObjects: 0.083300 ms)

========================================================================
Received Prepare
Registering precompiled user dll's ...
Registered in 0.001812 seconds.
Begin MonoManager ReloadAssembly
Native extension for WindowsStandalone target not found
Native extension for OSXStandalone target not found
Refreshing native plugins compatible for Editor in 0.35 ms, found 1 plugins.
Preloading 0 native plugins for Editor in 0.00 ms.
Invoked RoslynAnalysisRunner static constructor.
RoslynAnalysisRunner will not be running.
RoslynAnalysisRunner has terminated.
Mono: successfully reloaded assembly
- Completed reload, in  0.718 seconds
Platform modules already initialized, skipping
Refreshing native plugins compatible for Editor in 0.32 ms, found 1 plugins.
Preloading 0 native plugins for Editor in 0.00 ms.
Unloading 1799 Unused Serialized files (Serialized files now loaded: 0)
System memory in use before: 90.0 MB.
System memory in use after: 90.0 MB.

Unloading 15 unused Assets to reduce memory usage. Loaded Objects now: 2317.
Total: 2.606600 ms (FindLiveObjects: 0.286900 ms CreateObjectMapping: 0.094800 ms MarkObjects: 2.073600 ms  DeleteObjects: 0.150400 ms)

AssetImportWorkerClient::OnTransportError - code=2 error=End of file
